#
# There is insufficient memory for the Java Runtime Environment to continue.
# Native memory allocation (malloc) failed to allocate 1048576 bytes for AllocateHeap
# Possible reasons:
#   The system is out of physical RAM or swap space
#   The process is running with CompressedOops enabled, and the Java Heap may be blocking the growth of the native heap
# Possible solutions:
#   Reduce memory load on the system
#   Increase physical memory or swap space
#   Check if swap backing store is full
#   Decrease Java heap size (-Xmx/-Xms)
#   Decrease number of Java threads
#   Decrease Java thread stack sizes (-Xss)
#   Set larger code cache with -XX:ReservedCodeCacheSize=
#   JVM is running with Unscaled Compressed Oops mode in which the Java heap is
#     placed in the first 4GB address space. The Java Heap base address is the
#     maximum limit for the native heap growth. Please use -XX:HeapBaseMinAddress
#     to set the Java Heap base and to place the Java Heap above 4GB virtual address.
# This output file may be truncated or incomplete.
#
#  Out of Memory Error (memory/allocation.inline.hpp:61), pid=2600, tid=0x0000000000004ce4
#
# JRE version:  (8.0_242-b01) (build )
# Java VM: OpenJDK 64-Bit Server VM (25.242-b01 mixed mode windows-amd64 compressed oops)
# Failed to write core dump. Minidumps are not enabled by default on client versions of Windows
#

---------------  T H R E A D  ---------------

Current thread (0x0000000002502800):  JavaThread "Unknown thread" [_thread_in_vm, id=19684, stack(0x00000000023f0000,0x00000000024f0000)]

Stack: [0x00000000023f0000,0x00000000024f0000]
[error occurred during error reporting (printing stack bounds), id 0xc0000005]

Native frames: (J=compiled Java code, j=interpreted, Vv=VM code, C=native code)


---------------  P R O C E S S  ---------------

Java Threads: ( => current thread )

Other Threads:

=>0x0000000002502800 (exited) JavaThread "Unknown thread" [_thread_in_vm, id=19684, stack(0x00000000023f0000,0x00000000024f0000)]

VM state:not at safepoint (normal execution)

VM Mutex/Monitor currently owned by a thread: None

heap address: 0x0000000080c00000, size: 2036 MB, Compressed Oops mode: 32-bit
Narrow klass base: 0x0000000000000000, Narrow klass shift: 3
Compressed class space size: 1073741824 Address: 0x0000000100000000

Heap:
 PSYoungGen      total 38400K, used 665K [0x00000000d5980000, 0x00000000d8400000, 0x0000000100000000)
  eden space 33280K, 2% used [0x00000000d5980000,0x00000000d5a26670,0x00000000d7a00000)
  from space 5120K, 0% used [0x00000000d7f00000,0x00000000d7f00000,0x00000000d8400000)
  to   space 5120K, 0% used [0x00000000d7a00000,0x00000000d7a00000,0x00000000d7f00000)
 ParOldGen       total 87552K, used 0K [0x0000000080c00000, 0x0000000086180000, 0x00000000d5980000)
  object space 87552K, 0% used [0x0000000080c00000,0x0000000080c00000,0x0000000086180000)
 Metaspace       used 779K, capacity 4480K, committed 4480K, reserved 1056768K
  class space    used 74K, capacity 384K, committed 384K, reserved 1048576K

Card table byte_map: [0x00000000119d0000,0x0000000011dd0000] byte_map_base: 0x00000000115ca000

Marking Bits: (ParMarkBitMap*) 0x000000006338f030
 Begin Bits: [0x0000000012480000, 0x0000000014450000)
 End Bits:   [0x0000000014450000, 0x0000000016420000)

Polling page: 0x00000000023d0000

CodeCache: size=245760Kb used=328Kb max_used=328Kb free=245431Kb
 bounds [0x0000000002610000, 0x0000000002880000, 0x0000000011610000]
 total_blobs=57 nmethods=0 adapters=38
 compilation: enabled

Compilation events (0 events):
No events

GC Heap History (0 events):
No events

Deoptimization events (0 events):
No events

Classes redefined (0 events):
No events

Internal exceptions (0 events):
No events

Events (10 events):
Event: 0.018 loading class java/lang/Short
Event: 0.018 loading class java/lang/Short done
Event: 0.018 loading class java/lang/Integer
Event: 0.018 loading class java/lang/Integer done
Event: 0.018 loading class java/lang/Long
Event: 0.018 loading class java/lang/Long done
Event: 0.019 loading class java/lang/NullPointerException
Event: 0.019 loading class java/lang/NullPointerException done
Event: 0.019 loading class java/lang/ArithmeticException
Event: 0.019 loading class java/lang/ArithmeticException done


Dynamic libraries:
0x00007ff73a990000 - 0x00007ff73a9c1000 	C:\Program Files\Android\Android Studio\jre\jre\bin\java.exe
0x00007fff65730000 - 0x00007fff65925000 	C:\WINDOWS\SYSTEM32\ntdll.dll
0x00007fff65160000 - 0x00007fff6521d000 	C:\WINDOWS\System32\KERNEL32.DLL
0x00007fff63460000 - 0x00007fff63728000 	C:\WINDOWS\System32\KERNELBASE.dll
0x00007fff65510000 - 0x00007fff655bc000 	C:\WINDOWS\System32\ADVAPI32.dll
0x00007fff64070000 - 0x00007fff6410e000 	C:\WINDOWS\System32\msvcrt.dll
0x00007fff648c0000 - 0x00007fff6495b000 	C:\WINDOWS\System32\sechost.dll
0x00007fff655c0000 - 0x00007fff656eb000 	C:\WINDOWS\System32\RPCRT4.dll
0x00007fff65370000 - 0x00007fff65510000 	C:\WINDOWS\System32\USER32.dll
0x00007fff63430000 - 0x00007fff63452000 	C:\WINDOWS\System32\win32u.dll
0x00007fff638e0000 - 0x00007fff6390a000 	C:\WINDOWS\System32\GDI32.dll
0x00007fff63320000 - 0x00007fff6342b000 	C:\WINDOWS\System32\gdi32full.dll
0x00007fff631d0000 - 0x00007fff6326d000 	C:\WINDOWS\System32\msvcp_win.dll
0x00007fff62e70000 - 0x00007fff62f70000 	C:\WINDOWS\System32\ucrtbase.dll
0x00007fff53f20000 - 0x00007fff541ba000 	C:\WINDOWS\WinSxS\amd64_microsoft.windows.common-controls_6595b64144ccf1df_6.0.19041.844_none_ca00b6081b84eb1d\COMCTL32.dll
0x00007fff65340000 - 0x00007fff65370000 	C:\WINDOWS\System32\IMM32.DLL
0x0000000062ae0000 - 0x0000000062bb2000 	C:\Program Files\Android\Android Studio\jre\jre\bin\msvcr100.dll
0x0000000062bc0000 - 0x000000006340b000 	C:\Program Files\Android\Android Studio\jre\jre\bin\server\jvm.dll
0x00007fff65330000 - 0x00007fff65338000 	C:\WINDOWS\System32\PSAPI.DLL
0x00007fff60670000 - 0x00007fff60679000 	C:\WINDOWS\SYSTEM32\WSOCK32.dll
0x00007fff5a7e0000 - 0x00007fff5a807000 	C:\WINDOWS\SYSTEM32\WINMM.dll
0x00007fff5cd50000 - 0x00007fff5cd5a000 	C:\WINDOWS\SYSTEM32\VERSION.dll
0x00007fff64a20000 - 0x00007fff64a8b000 	C:\WINDOWS\System32\WS2_32.dll
0x00007fff5ebe0000 - 0x00007fff5ebef000 	C:\Program Files\Android\Android Studio\jre\jre\bin\verify.dll
0x00007fff46220000 - 0x00007fff46249000 	C:\Program Files\Android\Android Studio\jre\jre\bin\java.dll
0x00007fff46200000 - 0x00007fff46216000 	C:\Program Files\Android\Android Studio\jre\jre\bin\zip.dll

VM Arguments:
java_command: org.jetbrains.git4idea.http.GitAskPassApp Username for 'https://github.com': 
java_class_path (initial): C:/Program Files/Android/Android Studio/plugins/git4idea/lib/git4idea-rt.jar;C:/Program Files/Android/Android Studio/lib/xmlrpc-2.0.1.jar;C:/Program Files/Android/Android Studio/lib/commons-codec-1.14.jar;C:/Program Files/Android/Android Studio/lib/util.jar
Launcher Type: SUN_STANDARD

Environment Variables:
PATH=C:\Program Files\Git\mingw64\libexec\git-core;C:\Program Files\Git\mingw64\libexec\git-core;C:\Program Files\Git\mingw64\bin;C:\Program Files\Git\usr\bin;C:\Users\deded\bin;C:\Windows\system32;C:\Windows;C:\Windows\System32\Wbem;C:\Windows\System32\WindowsPowerShell\v1.0;C:\Windows\System32\OpenSSH;C:\Program Files\Git\cmd;C:\Program Files (x86)\NVIDIA Corporation\PhysX\Common;C:\Program Files\NVIDIA Corporation\NVIDIA NvDLISR;C:\WINDOWS\system32;C:\WINDOWS;C:\WINDOWS\System32\Wbem;C:\WINDOWS\System32\WindowsPowerShell\v1.0;C:\WINDOWS\System32\OpenSSH;C:\Users\deded\AppData\Local\Microsoft\WindowsApps
USERNAME=deded
DISPLAY=:0.0
OS=Windows_NT
PROCESSOR_IDENTIFIER=Intel64 Family 6 Model 58 Stepping 9, GenuineIntel



---------------  S Y S T E M  ---------------

OS: Windows 10.0 , 64 bit Build 19041 (10.0.19041.928)

CPU:total 4 (initial active 4) (4 cores per cpu, 1 threads per core) family 6 model 58 stepping 9, cmov, cx8, fxsr, mmx, sse, sse2, sse3, ssse3, sse4.1, sse4.2, popcnt, avx, aes, clmul, erms, tsc, tscinvbit, tscinv

Memory: 4k page, physical 8336380k(240396k free), swap 28614092k(6028k free)

vm_info: OpenJDK 64-Bit Server VM (25.242-b01) for windows-amd64 JRE (1.8.0_242-release-1644-b01), built by "builder" with MS VC++ 10.0 (VS2010)

time: Mon Jun 07 21:59:16 2021
timezone: SE Asia Standard Time
elapsed time: 0 seconds (0d 0h 0m 0s)

